2026-06-28 00:28:10,838 [INFO] quant: v7 回测: 2026-06-26
2026-06-28 00:28:10,842 [INFO] quant: 回测: 收益0%, 胜率0, 评分0
2026-06-28 00:28:10,842 [INFO] quant: 输出: data/2026-06-26_backtest.json
2026-06-28 00:28:10,842 [INFO] quant: Walk-Forward: robust=None, overfit=None
2026-06-28 00:28:15,916 [INFO] quant: v8 RL Agent 训练...
2026-06-28 00:28:15,916 [WARNING] quant.v8.rl-agent: 历史数据不足, 跳过训练
2026-06-28 00:28:15,917 [INFO] quant: Agent: None, episodes=None, avg_reward=0
2026-06-28 00:28:15,917 [INFO] quant: 输出: data/2026-06-28_agent.json
2026-06-28 01:11:04,193 [INFO] quant.engine.pipeline: =======================================================
2026-06-28 01:11:04,193 [INFO] quant.engine.pipeline: v6 Pipeline 启动: 2026-06-26
2026-06-28 01:11:04,193 [INFO] quant.engine.pipeline: =======================================================
2026-06-28 01:11:04,193 [INFO] quant.engine.pipeline: [v1] 数据采集...
2026-06-28 01:11:05,196 [INFO] quant.engine.pipeline: [v2] 板块评分 + 周期...
2026-06-28 01:11:05,202 [INFO] quant.engine.pipeline: [v1.2] 个股评分...
2026-06-28 01:11:33,372 [INFO] quant.engine.pipeline: =======================================================
2026-06-28 01:11:33,372 [INFO] quant.engine.pipeline: v6 Pipeline 启动: 2026-06-26
2026-06-28 01:11:33,372 [INFO] quant.engine.pipeline: =======================================================
2026-06-28 01:11:33,372 [INFO] quant.engine.pipeline: [v1] 数据采集...
2026-06-28 01:11:34,212 [INFO] quant.engine.pipeline: [v2] 板块评分 + 周期...
2026-06-28 01:11:34,217 [INFO] quant.engine.pipeline: [v1.2] 个股评分...
2026-06-28 01:11:34,221 [INFO] quant.engine.pipeline: [v1.3] 信号检测...
2026-06-28 01:11:49,838 [INFO] quant.engine.pipeline: =======================================================
2026-06-28 01:11:49,838 [INFO] quant.engine.pipeline: v6 Pipeline 启动: 2026-06-26
2026-06-28 01:11:49,838 [INFO] quant.engine.pipeline: =======================================================
2026-06-28 01:11:49,838 [INFO] quant.engine.pipeline: [v1] 数据采集...
2026-06-28 01:11:50,659 [INFO] quant.engine.pipeline: [v2] 板块评分 + 周期...
2026-06-28 01:11:50,660 [INFO] quant.engine.pipeline: [v1.2] 个股评分...
2026-06-28 01:11:50,661 [INFO] quant.engine.pipeline: [v1.3] 信号检测...
2026-06-28 01:11:50,663 [INFO] quant.engine.pipeline: [v1.4] 仓位风控...
2026-06-28 01:11:50,669 [INFO] quant.engine.pipeline: [v5] 市场状态...
2026-06-28 01:11:50,673 [INFO] quant.engine.pipeline: [v6] 多周期共振...
2026-06-28 01:11:50,676 [INFO] quant.v6.multi_cycle: 多周期: 0板块, 0个股
2026-06-28 01:11:50,676 [INFO] quant.v6.resonance: 共振: conflict(0.0), 0板块共振
2026-06-28 01:11:50,676 [INFO] quant.v6.adaptive_weights: 权重: v1=0.0, v3=0.0, risk=0.15, resonance=0.0
2026-06-28 01:11:50,679 [INFO] quant.engine.context: 状态已持久化
2026-06-28 01:11:50,679 [INFO] quant.engine.pipeline: =======================================================
2026-06-28 01:11:50,679 [INFO] quant.engine.pipeline: Pipeline 完成: regime=downtrend_market, resonance=conflict, quality=ok
2026-06-28 01:11:50,679 [INFO] quant.engine.pipeline: =======================================================
